hello
goodbye
unknown instruction 0 at 0
X00 : 0000000000000000
X01 : 00000000004001E8
X02 : 0000000000410000
X03 : FFFFFFFFFFFFFFFF
X04 : FFFFFFFFFFFFFFFF
X05 : 0000000000000000
X06 : 0000000000000000
X07 : 0000000000000000
X08 : 0000000000000000
X09 : 0000000000000000
X10 : 0000000000000000
X11 : 0000000000000000
X12 : 0000000000000000
X13 : 0000000000000000
X14 : 0000000000000000
X15 : 0000000000000000
X16 : 0000000000000000
X17 : 0000000000000000
X18 : 0000000000000000
X19 : 0000000000000000
X20 : 0000000000000000
X21 : 0000000000000000
X22 : 0000000000000000
X23 : 0000000000000000
X24 : 0000000000000000
X25 : 0000000000000000
X26 : 0000000000000000
X27 : 0000000000000000
X28 : 0000000000000000
X29 : 0000000000000000
X30 : 0000000000000000
XSP : 0000000000000000
